database_filekey: ../../data/example_orthogroup_database/human_odb_groups/database_key.json
table_file: ./table.csv
clear_files: True
new_index: True
steps_to_run:
  s1
  s2
  s3
  s4
  s5
  s6
  s7
  s8
  s9
msa_score_methods:
  {'score_key': 'aln_property_entropy', 'function_name': 'aln_property_entropy', 'function_params': {'gap_frac_cutoff': 0.2, 'overwrite': False}, 'level': None}
  {'score_key': 'aln_shannon_entropy', 'function_name': 'aln_shannon_entropy', 'function_params': {'gap_frac_cutoff': 0.2, 'overwrite': False}, 'level': None}
pairk_aln_methods:
  {'score_key': 'pairk_aln_lf5_rf5_edssmat50', 'function_name': 'pairk_aln', 'function_params': {'overwrite': False, 'matrix_name': 'EDSSMat50'}, 'level': 'Vertebrata', 'lflank': 5, 'rflank': 5}
  {'score_key': 'pairk_aln_needleman_lf5_rf5_edssmat50', 'function_name': 'pairk_aln_needleman', 'function_params': {'overwrite': False, 'matrix_name': 'EDSSMat50'}, 'level': None, 'lflank': 5, 'rflank': 5}
pairk_embedding_aln_methods:
  {'score_key': 'pairk_aln_embedding_lf5_rf5', 'function_name': 'pairk_aln_embedding', 'function_params': {'overwrite': False}, 'level': 'Vertebrata', 'lflank': 5, 'rflank': 5}
output_folder: ./conservation_analysis
hit_sequence_params:
  hit_sequence_search_method: search
  longest_common_subsequence: False
  lcs_min_length: 20
  target_hit_length: 0
idr_params:
  find_idrs: True
  idr_map_file: None
  iupred_cutoff: 0.4
  gap_merge_threshold: 10
  idr_min_length: 8
filter_params:
  min_num_orthos: 20
multilevel_plot_params:
  score_key: pairk_aln_needleman_lf5_rf5_edssmat50
  num_bg_scores_cutoff: 20
  score_type: z_score
  strip_gaps: False
aln_slice_params:
  n_flanking_aas: 20
  whole_idr: False
table_annotation_params:
  score_key_for_table: pairk_aln_needleman_lf5_rf5_edssmat50
  motif_regex: P.P.E
  levels: ['Vertebrata']
  annotations: ['json_file', 'multi_level_plot', 'hit_start_position', 'regex', 'regex_match', 'regex_match_stpos_in_hit', 'regex_match_mean_score', 'regex_match_mean_zscore', 'conservation_string', 'aln_slice_file', 'hit_mean_score', 'hit_mean_zscore', 'best mean z-score over 5 residue window', 'best mean z-score over 10 residue window']
clean_analysis_files: False
esm_params:
  processes: 1
  threads: 1
  device: cuda
  model_name: esm2_t33_650M_UR50D
pairk_conservation_params:
  kmer_conservation_function_name: pairk_conservation
  columnwise_score_function_name: property_entropy
  bg_cutoff: 50
  bg_kmer_cutoff: 10
setting up folders and reindexing table file
failed on conservation_analysis/6-9606_0_001c7b/6-9606_0_001c7b.json
failed on conservation_analysis/4-9606_0_002f40/4-9606_0_002f40.json
failed on conservation_analysis/5-9606_0_002f40/5-9606_0_002f40.json
calculating MSA scores
running pairk alignment
running pairk alignment with residue embeddings
calculating kmer scores from pairk alignments
calculating annotations
adding annotations to table
done
total time elapsed: 1.5230609774589539 minutes (91.38365864753723 seconds)
